[dotenv@17.2.4] injecting env (6) from backend\.env -- tip: ΓÜÖ∩╕Å  load multiple .env files with { path: ['.env.local', '.env'] }
≡ƒöÑ MAPS ROUTES FILE LOADED ≡ƒöÑ
[dotenv@17.2.4] injecting env (0) from backend\.env -- tip: ≡ƒöä add secrets lifecycle management: https://dotenvx.com/ops
node : node:internal/modules/
cjs/loader:1424
At line:1 char:1
+ node backend/app.js 2>&1 | 
Out-File -Encoding utf8 
error2.log
+ ~~~~~~~~~~~~~~~~~~~~~~~~
    + CategoryInfo           
   : NotSpecified: (node:in  
  ternal/modules/cjs/loade   
 r:1424:String) [], Remot    
eException
    + FullyQualifiedErrorId  
   : NativeCommandError
 
  throw err;
  ^

Error: Cannot find module 
'./helpers/promiseOrCallback'
Require stack:
- C:\Users\DURGA\Ai_Travel_Pl
anner\backend\node_modules\mo
ngoose\lib\utils.js
- C:\Users\DURGA\Ai_Travel_Pl
anner\backend\node_modules\mo
ngoose\lib\schemaType.js
- C:\Users\DURGA\Ai_Travel_Pl
anner\backend\node_modules\mo
ngoose\lib\schema.js
- C:\Users\DURGA\Ai_Travel_Pl
anner\backend\node_modules\mo
ngoose\lib\connection.js
- C:\Users\DURGA\Ai_Travel_Pl
anner\backend\node_modules\mo
ngoose\lib\drivers\node-mongo
db-native\connection.js
- C:\Users\DURGA\Ai_Travel_Pl
anner\backend\node_modules\mo
ngoose\lib\drivers\node-mongo
db-native\index.js
- C:\Users\DURGA\Ai_Travel_Pl
anner\backend\node_modules\mo
ngoose\lib\index.js
- C:\Users\DURGA\Ai_Travel_Pl
anner\backend\node_modules\mo
ngoose\index.js
- C:\Users\DURGA\Ai_Travel_Pl
anner\backend\db.js
- C:\Users\DURGA\Ai_Travel_Pl
anner\backend\app.js
    at 
Module._resolveFilename (node
:internal/modules/cjs/loader:
1421:15)
    at defaultResolveImpl (no
de:internal/modules/cjs/loade
r:1059:19)
    at 
resolveForCJSWithHooks (node:
internal/modules/cjs/loader:1
064:22)
    at Module._load (node:int
ernal/modules/cjs/loader:1227
:37)
    at 
TracingChannel.traceSync (nod
e:diagnostics_channel:328:14)
    at wrapModuleLoad (node:i
nternal/modules/cjs/loader:24
5:24)
    at Module.require (node:i
nternal/modules/cjs/loader:15
04:12)
    at require (node:internal
/modules/helpers:152:16)
    at Object.<anonymous> (C:
\Users\DURGA\Ai_Travel_Planne
r\backend\node_modules\mongoo
se\lib\utils.js:21:27)
    at Module._compile (node:
internal/modules/cjs/loader:1
761:14) {
  code: 'MODULE_NOT_FOUND',
  requireStack: [
    'C:\\Users\\DURGA\\Ai_Tra
vel_Planner\\backend\\node_mo
dules\\mongoose\\lib\\utils.j
s',
    'C:\\Users\\DURGA\\Ai_Tra
vel_Planner\\backend\\node_mo
dules\\mongoose\\lib\\schemaT
ype.js',
    'C:\\Users\\DURGA\\Ai_Tra
vel_Planner\\backend\\node_mo
dules\\mongoose\\lib\\schema.
js',
    'C:\\Users\\DURGA\\Ai_Tra
vel_Planner\\backend\\node_mo
dules\\mongoose\\lib\\connect
ion.js',
    'C:\\Users\\DURGA\\Ai_Tra
vel_Planner\\backend\\node_mo
dules\\mongoose\\lib\\drivers
\\node-mongodb-native\\connec
tion.js',
    'C:\\Users\\DURGA\\Ai_Tra
vel_Planner\\backend\\node_mo
dules\\mongoose\\lib\\drivers
\\node-mongodb-native\\index.
js',
    'C:\\Users\\DURGA\\Ai_Tra
vel_Planner\\backend\\node_mo
dules\\mongoose\\lib\\index.j
s',
    'C:\\Users\\DURGA\\Ai_Tra
vel_Planner\\backend\\node_mo
dules\\mongoose\\index.js',
    'C:\\Users\\DURGA\\Ai_Tra
vel_Planner\\backend\\db.js',
    'C:\\Users\\DURGA\\Ai_Tra
vel_Planner\\backend\\app.js'
  ]
}

Node.js v24.13.0
